<?xml version="1.0" encoding="UTF-8" ?>
<testsuite tests="6" failures="0" name="TestSuite" time="48.474" errors="0" skipped="0">
  <properties>
    <property name="java.runtime.name" value="Java(TM) SE Runtime Environment"/>
    <property name="java.vm.version" value="23.0.2+7-58"/>
    <property name="sun.boot.library.path" value="C:\Program Files\Java\jdk-23\bin"/>
    <property name="maven.multiModuleProjectDirectory" value="C:\Users\Er220\eclipse-workspace\TntraAutomation_Parth"/>
    <property name="java.vm.vendor" value="Oracle Corporation"/>
    <property name="java.vendor.url" value="https://java.oracle.com/"/>
    <property name="guice.disable.misplaced.annotation.check" value="true"/>
    <property name="path.separator" value=";"/>
    <property name="java.vm.name" value="Java HotSpot(TM) 64-Bit Server VM"/>
    <property name="sun.os.patch.level" value=""/>
    <property name="user.script" value=""/>
    <property name="user.country" value="IN"/>
    <property name="sun.java.launcher" value="SUN_STANDARD"/>
    <property name="java.vm.specification.name" value="Java Virtual Machine Specification"/>
    <property name="user.dir" value="C:\Users\Er220\eclipse-workspace\TntraAutomation_Parth"/>
    <property name="java.vm.compressedOopsMode" value="Zero based"/>
    <property name="java.runtime.version" value="23.0.2+7-58"/>
    <property name="os.arch" value="amd64"/>
    <property name="java.io.tmpdir" value="C:\Users\Er220\AppData\Local\Temp\"/>
    <property name="line.separator" value="
"/>
    <property name="java.vm.specification.vendor" value="Oracle Corporation"/>
    <property name="user.variant" value=""/>
    <property name="stderr.encoding" value="cp437"/>
    <property name="os.name" value="Windows 11"/>
    <property name="classworlds.conf" value="C:\Users\Er220\Downloads\apache-maven-3.8.8-bin\apache-maven-3.8.8\bin\m2.conf"/>
    <property name="sun.jnu.encoding" value="Cp1252"/>
    <property name="stdout.encoding" value="cp437"/>
    <property name="java.library.path" value="C:\Program Files\Java\jdk-23\bin;C:\WINDOWS\Sun\Java\bin;C:\WINDOWS\system32;C:\WINDOWS;C:\Users\Er220\Downloads\apache-maven-3.8.8-bin\apache-maven-3.8.8\bin;C:\Users\Er220\AppData\Local\Programs\Microsoft VS Code\bin;C:\Users\Er220\AppData\Local\Microsoft\WindowsApps;C:\Users\Er220\AppData\Local\GitHubDesktop\bin;C:\Users\Er220\AppData\Roaming\npm;C:\Program Files\Java\jdk-23\bin;C:\Program Files\Git\bin;;."/>
    <property name="maven.conf" value="C:\Users\Er220\Downloads\apache-maven-3.8.8-bin\apache-maven-3.8.8/conf"/>
    <property name="jdk.debug" value="release"/>
    <property name="java.class.version" value="67.0"/>
    <property name="java.specification.name" value="Java Platform API Specification"/>
    <property name="sun.management.compiler" value="HotSpot 64-Bit Tiered Compilers"/>
    <property name="os.version" value="10.0"/>
    <property name="library.jansi.path" value="C:\Users\Er220\Downloads\apache-maven-3.8.8-bin\apache-maven-3.8.8\lib\jansi-native"/>
    <property name="user.home" value="C:\Users\Er220"/>
    <property name="user.timezone" value="Asia/Calcutta"/>
    <property name="file.encoding" value="UTF-8"/>
    <property name="java.specification.version" value="23"/>
    <property name="user.name" value="Er220279"/>
    <property name="java.class.path" value="C:\Users\Er220\Downloads\apache-maven-3.8.8-bin\apache-maven-3.8.8\boot\plexus-classworlds-2.6.0.jar"/>
    <property name="java.vm.specification.version" value="23"/>
    <property name="sun.arch.data.model" value="64"/>
    <property name="sun.java.command" value="org.codehaus.plexus.classworlds.launcher.Launcher install"/>
    <property name="java.home" value="C:\Program Files\Java\jdk-23"/>
    <property name="user.language" value="en"/>
    <property name="java.specification.vendor" value="Oracle Corporation"/>
    <property name="java.vm.info" value="mixed mode, sharing"/>
    <property name="java.version" value="23.0.2"/>
    <property name="native.encoding" value="Cp1252"/>
    <property name="java.vendor" value="Oracle Corporation"/>
    <property name="maven.home" value="C:\Users\Er220\Downloads\apache-maven-3.8.8-bin\apache-maven-3.8.8"/>
    <property name="file.separator" value="\"/>
    <property name="java.version.date" value="2025-01-21"/>
    <property name="java.vendor.url.bug" value="https://bugreport.java.com/bugreport/"/>
    <property name="sun.io.unicode.encoding" value="UnicodeLittle"/>
    <property name="sun.cpu.endian" value="little"/>
    <property name="sun.cpu.isalist" value="amd64"/>
  </properties>
  <testcase classname="com.testcases.AddtocartTest" name="verify_addtocart_product1" time="7.945"/>
  <testcase classname="com.testcases.AddtocartTest" name="verify_addtocart_product2" time="7.377"/>
  <testcase classname="com.testcases.CheckoutprocessTest" name="verify_CheckoutProcess" time="14.695"/>
  <testcase classname="com.testcases.LoginpageTest" name="Verify_login_functionality" time="4.089"/>
  <testcase classname="com.testcases.RegisterAccountTest" name="Verify_Registration" time="7.202"/>
  <testcase classname="com.testcases.RegisterAccountTest" name="Verify_DuplicateEmailaddress" time="7.166"/>
</testsuite>