<?xml version="1.0" encoding="UTF-8"?>
<!-- Generated by org.testng.reporters.JUnitReportReporter -->
<testsuite hostname="P-A-R-T-H-P-A-T-E-L" failures="0" tests="2" name="com.testcases.RegisterAccountTest" time="17.636" errors="0" timestamp="2025-01-31T11:02:35 IST" skipped="0">
  <testcase classname="com.testcases.RegisterAccountTest" name="Registration" time="8.868"/>
  <testcase classname="com.testcases.RegisterAccountTest" name="Verify_DuplicateEmailaddress" time="8.768"/>
</testsuite> <!-- com.testcases.RegisterAccountTest -->
