<?xml version="1.0" encoding="UTF-8"?>
<!-- Generated by org.testng.reporters.JUnitReportReporter -->
<testsuite hostname="P-A-R-T-H-P-A-T-E-L" failures="0" tests="2" name="com.testcases.RegisterAccount" time="15.314" errors="0" timestamp="2025-01-30T12:23:41 IST" skipped="0">
  <testcase classname="com.testcases.RegisterAccount" name="Registration" time="7.523"/>
  <testcase classname="com.testcases.RegisterAccount" name="Verify_DuplicateEmailaddress" time="7.791"/>
</testsuite> <!-- com.testcases.RegisterAccount -->
