<?xml version="1.0" encoding="UTF-8"?>
<!-- Generated by org.testng.reporters.JUnitReportReporter -->
<testsuite hostname="P-A-R-T-H-P-A-T-E-L" failures="0" tests="1" name="com.testcases.LoginpageTest" time="4.692" errors="0" timestamp="2025-01-31T11:02:35 IST" skipped="0">
  <testcase classname="com.testcases.LoginpageTest" name="Verify_login_functionality" time="4.692"/>
</testsuite> <!-- com.testcases.LoginpageTest -->
