<?xml version="1.0" encoding="UTF-8"?>
<!-- Generated by org.testng.reporters.JUnitReportReporter -->
<testsuite hostname="P-A-R-T-H-P-A-T-E-L" failures="0" tests="2" name="com.testcases.AddtocartTest" time="15.653" errors="0" timestamp="2025-01-31T11:02:35 IST" skipped="0">
  <testcase classname="com.testcases.AddtocartTest" name="verify_addtocart_product1" time="8.096"/>
  <testcase classname="com.testcases.AddtocartTest" name="verify_addtocart_product2" time="7.557"/>
</testsuite> <!-- com.testcases.AddtocartTest -->
