<?xml version="1.0" encoding="UTF-8"?>
<!-- Generated by org.testng.reporters.JUnitReportReporter -->
<testsuite hostname="P-A-R-T-H-P-A-T-E-L" failures="0" tests="1" name="com.testcases.MyFirstCase" time="6.199" errors="0" timestamp="2025-01-30T10:48:51 IST" skipped="0">
  <testcase classname="com.testcases.MyFirstCase" name="verify_login" time="6.199"/>
</testsuite> <!-- com.testcases.MyFirstCase -->
