<?xml version="1.0" encoding="UTF-8"?>
<!-- Generated by org.testng.reporters.JUnitReportReporter -->
<testsuite hostname="P-A-R-T-H-P-A-T-E-L" failures="0" tests="3" name="com.testcases.AddtocartTest" time="40.093" errors="0" timestamp="2025-02-03T14:50:26 IST" skipped="0">
  <testcase classname="com.testcases.AddtocartTest" name="verify_addtocart_product1" time="8.052"/>
  <testcase classname="com.testcases.AddtocartTest" name="verify_addtocart_product2" time="8.426"/>
  <testcase classname="com.testcases.AddtocartTest" name="verify_addtocart_product4" time="23.615"/>
</testsuite> <!-- com.testcases.AddtocartTest -->
