<?xml version="1.0" encoding="UTF-8"?>
<!-- Generated by org.testng.reporters.JUnitReportReporter -->
<testsuite hostname="P-A-R-T-H-P-A-T-E-L" failures="0" tests="1" name="com.testcases.CheckoutprocessTest" time="15.353" errors="0" timestamp="2025-01-31T11:02:35 IST" skipped="0">
  <testcase classname="com.testcases.CheckoutprocessTest" name="verify_CheckoutProcess" time="15.353"/>
</testsuite> <!-- com.testcases.CheckoutprocessTest -->
