<?xml version="1.0" encoding="UTF-8"?>
<!-- Generated by org.testng.reporters.JUnitReportReporter -->
<testsuite hostname="P-A-R-T-H-P-A-T-E-L" failures="0" tests="1" name="com.testcases.LoginpageTest" time="4.089" errors="0" timestamp="2025-02-03T12:46:31 IST" skipped="0">
  <testcase classname="com.testcases.LoginpageTest" name="Verify_login_functionality" time="4.089"/>
</testsuite> <!-- com.testcases.LoginpageTest -->
